#
# There is insufficient memory for the Java Runtime Environment to continue.
# Native memory allocation (malloc) failed to allocate 1746576 bytes for Chunk::new
# Possible reasons:
#   The system is out of physical RAM or swap space
#   The process is running with CompressedOops enabled, and the Java Heap may be blocking the growth of the native heap
# Possible solutions:
#   Reduce memory load on the system
#   Increase physical memory or swap space
#   Check if swap backing store is full
#   Decrease Java heap size (-Xmx/-Xms)
#   Decrease number of Java threads
#   Decrease Java thread stack sizes (-Xss)
#   Set larger code cache with -XX:ReservedCodeCacheSize=
#   JVM is running with Unscaled Compressed Oops mode in which the Java heap is
#     placed in the first 4GB address space. The Java Heap base address is the
#     maximum limit for the native heap growth. Please use -XX:HeapBaseMinAddress
#     to set the Java Heap base and to place the Java Heap above 4GB virtual address.
# This output file may be truncated or incomplete.
#
#  Out of Memory Error (./open/src/hotspot/share/memory/arena.cpp:197), pid=22768, tid=16712
#
# JRE version: Java(TM) SE Runtime Environment 18.9 (11.0.18+9) (build 11.0.18+9-LTS-195)
# Java VM: Java HotSpot(TM) 64-Bit Server VM 18.9 (11.0.18+9-LTS-195, mixed mode, tiered, compressed oops, g1 gc, windows-amd64)
# No core dump will be written. Minidumps are not enabled by default on client versions of Windows
#

---------------  S U M M A R Y ------------

Command Line: -javaagent:C:\Program Files\JetBrains\IntelliJ IDEA Community Edition 2022.3.2\lib\idea_rt.jar=59645:C:\Program Files\JetBrains\IntelliJ IDEA Community Edition 2022.3.2\bin -Dfile.encoding=UTF-8 --module-path=C:\Users\Victor Motta\.m2\repository\org\openjfx\javafx-base\17.0.2\javafx-base-17.0.2-win.jar;C:\Users\Victor Motta\.m2\repository\org\openjfx\javafx-fxml\17.0.2\javafx-fxml-17.0.2-win.jar;C:\Users\Victor Motta\.m2\repository\org\openjfx\javafx-graphics\17.0.2\javafx-graphics-17.0.2-win.jar;C:\Users\Victor Motta\.m2\repository\org\openjfx\javafx-controls\17.0.2\javafx-controls-17.0.2-win.jar;C:\Users\Victor Motta\IdeaProjects\TipCalculator1\target\classes -Djdk.module.main=com.example.tipcalculator1 com.example.tipcalculator1/com.example.tipcalculator1.TipCalculator1

Host: Intel(R) Core(TM) i7-8550U CPU @ 1.80GHz, 8 cores, 7G,  Windows 11 , 64 bit Build 22621 (10.0.22621.1194)
Time: Thu Feb 23 14:01:45 2023 Eastern Standard Time elapsed time: 2.087063 seconds (0d 0h 0m 2s)

---------------  T H R E A D  ---------------

Current thread (0x000002047a7fc800):  JavaThread "C2 CompilerThread0" daemon [_thread_in_native, id=16712, stack(0x000000f49ce00000,0x000000f49cf00000)]


Current CompileTask:
C2:   2087 1315   !   4       com.sun.javafx.css.ParsedValueImpl::readBinary (688 bytes)

Stack: [0x000000f49ce00000,0x000000f49cf00000]
Native frames: (J=compiled Java code, j=interpreted, Vv=VM code, C=native code)
V  [jvm.dll+0x65d8aa]
V  [jvm.dll+0x79fc1f]
V  [jvm.dll+0x7a12e9]
V  [jvm.dll+0x7a1983]
V  [jvm.dll+0x2585b5]
V  [jvm.dll+0xb284c]
V  [jvm.dll+0xb2e0c]
V  [jvm.dll+0x365ddf]
V  [jvm.dll+0x1a2232]
V  [jvm.dll+0x2114fd]
V  [jvm.dll+0x210378]
V  [jvm.dll+0x18c641]
V  [jvm.dll+0x220609]
V  [jvm.dll+0x21e92c]
V  [jvm.dll+0x763f61]
V  [jvm.dll+0x75c924]
V  [jvm.dll+0x65c755]
C  [ucrtbase.dll+0x29363]
C  [KERNEL32.DLL+0x126bd]
C  [ntdll.dll+0x5dfb8]


---------------  P R O C E S S  ---------------

Threads class SMR info:
_java_thread_list=0x000002047ca8d040, length=17, elements={
0x000002046aed6000, 0x0000020479e8f800, 0x0000020479e98000, 0x0000020479ea6000,
0x000002047a7f2800, 0x000002047a7f5800, 0x000002047a7fc800, 0x000002047a7fe000,
0x000002047a809800, 0x0000020479e28000, 0x000002047af0f000, 0x000002047b655000,
0x000002047bb9f800, 0x000002047b722000, 0x000002047bbe0000, 0x000002047b1b3000,
0x000002047aa2b000
}

Java Threads: ( => current thread )
  0x000002046aed6000 JavaThread "main" [_thread_blocked, id=24156, stack(0x000000f49c200000,0x000000f49c300000)]
  0x0000020479e8f800 JavaThread "Reference Handler" daemon [_thread_blocked, id=21756, stack(0x000000f49c900000,0x000000f49ca00000)]
  0x0000020479e98000 JavaThread "Finalizer" daemon [_thread_blocked, id=19888, stack(0x000000f49ca00000,0x000000f49cb00000)]
  0x0000020479ea6000 JavaThread "Signal Dispatcher" daemon [_thread_blocked, id=11216, stack(0x000000f49cb00000,0x000000f49cc00000)]
  0x000002047a7f2800 JavaThread "Attach Listener" daemon [_thread_blocked, id=8540, stack(0x000000f49cc00000,0x000000f49cd00000)]
  0x000002047a7f5800 JavaThread "Service Thread" daemon [_thread_blocked, id=11976, stack(0x000000f49cd00000,0x000000f49ce00000)]
=>0x000002047a7fc800 JavaThread "C2 CompilerThread0" daemon [_thread_in_native, id=16712, stack(0x000000f49ce00000,0x000000f49cf00000)]
  0x000002047a7fe000 JavaThread "C1 CompilerThread0" daemon [_thread_blocked, id=13836, stack(0x000000f49cf00000,0x000000f49d000000)]
  0x000002047a809800 JavaThread "Sweeper thread" daemon [_thread_blocked, id=17368, stack(0x000000f49d000000,0x000000f49d100000)]
  0x0000020479e28000 JavaThread "Common-Cleaner" daemon [_thread_blocked, id=11620, stack(0x000000f49d100000,0x000000f49d200000)]
  0x000002047af0f000 JavaThread "Monitor Ctrl-Break" daemon [_thread_in_native, id=19552, stack(0x000000f49d300000,0x000000f49d400000)]
  0x000002047b655000 JavaThread "QuantumRenderer-0" daemon [_thread_blocked, id=19808, stack(0x000000f49d500000,0x000000f49d600000)]
  0x000002047bb9f800 JavaThread "InvokeLaterDispatcher" daemon [_thread_blocked, id=19540, stack(0x000000f49d600000,0x000000f49d700000)]
  0x000002047b722000 JavaThread "JavaFX Application Thread" [_thread_in_native, id=21628, stack(0x000000f49d700000,0x000000f49d800000)]
  0x000002047bbe0000 JavaThread "Thread-1" daemon [_thread_in_native, id=8260, stack(0x000000f49db00000,0x000000f49dc00000)]
  0x000002047b1b3000 JavaThread "JavaFX-Launcher" [_thread_blocked, id=18940, stack(0x000000f49dc00000,0x000000f49dd00000)]
  0x000002047aa2b000 JavaThread "Prism Font Disposer" daemon [_thread_blocked, id=5640, stack(0x000000f49d200000,0x000000f49d300000)]

Other Threads:
  0x0000020479e6c800 VMThread "VM Thread" [stack: 0x000000f49c800000,0x000000f49c900000] [id=18624]
  0x000002047b38b800 WatcherThread [stack: 0x000000f49d400000,0x000000f49d500000] [id=18376]
  0x000002046aee9800 GCTaskThread "GC Thread#0" [stack: 0x000000f49c300000,0x000000f49c400000] [id=316]
  0x000002047b5d5000 GCTaskThread "GC Thread#1" [stack: 0x000000f49dd00000,0x000000f49de00000] [id=320]
  0x000002047b5d5800 GCTaskThread "GC Thread#2" [stack: 0x000000f49de00000,0x000000f49df00000] [id=13728]
  0x000002047b5d6800 GCTaskThread "GC Thread#3" [stack: 0x000000f49df00000,0x000000f49e000000] [id=21028]
  0x000002047b5d7000 GCTaskThread "GC Thread#4" [stack: 0x000000f49e000000,0x000000f49e100000] [id=11036]
  0x000002047b5d8000 GCTaskThread "GC Thread#5" [stack: 0x000000f49e100000,0x000000f49e200000] [id=23224]
  0x000002046af1b000 ConcurrentGCThread "G1 Main Marker" [stack: 0x000000f49c400000,0x000000f49c500000] [id=21400]
  0x000002046af1e000 ConcurrentGCThread "G1 Conc#0" [stack: 0x000000f49c500000,0x000000f49c600000] [id=2656]
  0x000002046af9d800 ConcurrentGCThread "G1 Refine#0" [stack: 0x000000f49c600000,0x000000f49c700000] [id=2432]
  0x000002046af9e800 ConcurrentGCThread "G1 Young RemSet Sampling" [stack: 0x000000f49c700000,0x000000f49c800000] [id=13252]

Threads with active compile tasks:
C2 CompilerThread0     2245 1315   !   4       com.sun.javafx.css.ParsedValueImpl::readBinary (688 bytes)

VM state:not at safepoint (normal execution)

VM Mutex/Monitor currently owned by a thread: None

Heap address: 0x0000000081600000, size: 2026 MB, Compressed Oops mode: 32-bit
Narrow klass base: 0x0000000000000000, Narrow klass shift: 3
Compressed class space size: 1073741824 Address: 0x0000000100000000

Heap:
 garbage-first heap   total 131072K, used 29870K [0x0000000081600000, 0x0000000100000000)
  region size 1024K, 30 young (30720K), 3 survivors (3072K)
 Metaspace       used 20223K, capacity 20828K, committed 21120K, reserved 1067008K
  class space    used 2559K, capacity 2850K, committed 2944K, reserved 1048576K
Heap Regions: E=young(eden), S=young(survivor), O=old, HS=humongous(starts), HC=humongous(continues), CS=collection set, F=free, A=archive, TAMS=top-at-mark-start (previous, next)
|   0|0x0000000081600000, 0x000000008162b800, 0x0000000081700000| 16%| O|  |TAMS 0x0000000081600000, 0x0000000081600000| Untracked 
|   1|0x0000000081700000, 0x0000000081700000, 0x0000000081800000|  0%| F|  |TAMS 0x0000000081700000, 0x0000000081700000| Untracked 
|   2|0x0000000081800000, 0x0000000081800000, 0x0000000081900000|  0%| F|  |TAMS 0x0000000081800000, 0x0000000081800000| Untracked 
|   3|0x0000000081900000, 0x0000000081900000, 0x0000000081a00000|  0%| F|  |TAMS 0x0000000081900000, 0x0000000081900000| Untracked 
|   4|0x0000000081a00000, 0x0000000081a00000, 0x0000000081b00000|  0%| F|  |TAMS 0x0000000081a00000, 0x0000000081a00000| Untracked 
|   5|0x0000000081b00000, 0x0000000081b00000, 0x0000000081c00000|  0%| F|  |TAMS 0x0000000081b00000, 0x0000000081b00000| Untracked 
|   6|0x0000000081c00000, 0x0000000081c00000, 0x0000000081d00000|  0%| F|  |TAMS 0x0000000081c00000, 0x0000000081c00000| Untracked 
|   7|0x0000000081d00000, 0x0000000081d00000, 0x0000000081e00000|  0%| F|  |TAMS 0x0000000081d00000, 0x0000000081d00000| Untracked 
|   8|0x0000000081e00000, 0x0000000081e00000, 0x0000000081f00000|  0%| F|  |TAMS 0x0000000081e00000, 0x0000000081e00000| Untracked 
|   9|0x0000000081f00000, 0x0000000081f00000, 0x0000000082000000|  0%| F|  |TAMS 0x0000000081f00000, 0x0000000081f00000| Untracked 
|  10|0x0000000082000000, 0x0000000082000000, 0x0000000082100000|  0%| F|  |TAMS 0x0000000082000000, 0x0000000082000000| Untracked 
|  11|0x0000000082100000, 0x0000000082100000, 0x0000000082200000|  0%| F|  |TAMS 0x0000000082100000, 0x0000000082100000| Untracked 
|  12|0x0000000082200000, 0x0000000082200000, 0x0000000082300000|  0%| F|  |TAMS 0x0000000082200000, 0x0000000082200000| Untracked 
|  13|0x0000000082300000, 0x0000000082300000, 0x0000000082400000|  0%| F|  |TAMS 0x0000000082300000, 0x0000000082300000| Untracked 
|  14|0x0000000082400000, 0x0000000082400000, 0x0000000082500000|  0%| F|  |TAMS 0x0000000082400000, 0x0000000082400000| Untracked 
|  15|0x0000000082500000, 0x0000000082500000, 0x0000000082600000|  0%| F|  |TAMS 0x0000000082500000, 0x0000000082500000| Untracked 
|  16|0x0000000082600000, 0x0000000082600000, 0x0000000082700000|  0%| F|  |TAMS 0x0000000082600000, 0x0000000082600000| Untracked 
|  17|0x0000000082700000, 0x0000000082700000, 0x0000000082800000|  0%| F|  |TAMS 0x0000000082700000, 0x0000000082700000| Untracked 
|  18|0x0000000082800000, 0x0000000082800000, 0x0000000082900000|  0%| F|  |TAMS 0x0000000082800000, 0x0000000082800000| Untracked 
|  19|0x0000000082900000, 0x0000000082900000, 0x0000000082a00000|  0%| F|  |TAMS 0x0000000082900000, 0x0000000082900000| Untracked 
|  20|0x0000000082a00000, 0x0000000082a00000, 0x0000000082b00000|  0%| F|  |TAMS 0x0000000082a00000, 0x0000000082a00000| Untracked 
|  21|0x0000000082b00000, 0x0000000082b00000, 0x0000000082c00000|  0%| F|  |TAMS 0x0000000082b00000, 0x0000000082b00000| Untracked 
|  22|0x0000000082c00000, 0x0000000082c00000, 0x0000000082d00000|  0%| F|  |TAMS 0x0000000082c00000, 0x0000000082c00000| Untracked 
|  23|0x0000000082d00000, 0x0000000082d00000, 0x0000000082e00000|  0%| F|  |TAMS 0x0000000082d00000, 0x0000000082d00000| Untracked 
|  24|0x0000000082e00000, 0x0000000082e00000, 0x0000000082f00000|  0%| F|  |TAMS 0x0000000082e00000, 0x0000000082e00000| Untracked 
|  25|0x0000000082f00000, 0x0000000082f00000, 0x0000000083000000|  0%| F|  |TAMS 0x0000000082f00000, 0x0000000082f00000| Untracked 
|  26|0x0000000083000000, 0x0000000083000000, 0x0000000083100000|  0%| F|  |TAMS 0x0000000083000000, 0x0000000083000000| Untracked 
|  27|0x0000000083100000, 0x0000000083100000, 0x0000000083200000|  0%| F|  |TAMS 0x0000000083100000, 0x0000000083100000| Untracked 
|  28|0x0000000083200000, 0x0000000083200000, 0x0000000083300000|  0%| F|  |TAMS 0x0000000083200000, 0x0000000083200000| Untracked 
|  29|0x0000000083300000, 0x0000000083300000, 0x0000000083400000|  0%| F|  |TAMS 0x0000000083300000, 0x0000000083300000| Untracked 
|  30|0x0000000083400000, 0x0000000083400000, 0x0000000083500000|  0%| F|  |TAMS 0x0000000083400000, 0x0000000083400000| Untracked 
|  31|0x0000000083500000, 0x0000000083500000, 0x0000000083600000|  0%| F|  |TAMS 0x0000000083500000, 0x0000000083500000| Untracked 
|  32|0x0000000083600000, 0x0000000083600000, 0x0000000083700000|  0%| F|  |TAMS 0x0000000083600000, 0x0000000083600000| Untracked 
|  33|0x0000000083700000, 0x0000000083700000, 0x0000000083800000|  0%| F|  |TAMS 0x0000000083700000, 0x0000000083700000| Untracked 
|  34|0x0000000083800000, 0x0000000083800000, 0x0000000083900000|  0%| F|  |TAMS 0x0000000083800000, 0x0000000083800000| Untracked 
|  35|0x0000000083900000, 0x0000000083900000, 0x0000000083a00000|  0%| F|  |TAMS 0x0000000083900000, 0x0000000083900000| Untracked 
|  36|0x0000000083a00000, 0x0000000083a00000, 0x0000000083b00000|  0%| F|  |TAMS 0x0000000083a00000, 0x0000000083a00000| Untracked 
|  37|0x0000000083b00000, 0x0000000083b00000, 0x0000000083c00000|  0%| F|  |TAMS 0x0000000083b00000, 0x0000000083b00000| Untracked 
|  38|0x0000000083c00000, 0x0000000083c00000, 0x0000000083d00000|  0%| F|  |TAMS 0x0000000083c00000, 0x0000000083c00000| Untracked 
|  39|0x0000000083d00000, 0x0000000083d00000, 0x0000000083e00000|  0%| F|  |TAMS 0x0000000083d00000, 0x0000000083d00000| Untracked 
|  40|0x0000000083e00000, 0x0000000083e00000, 0x0000000083f00000|  0%| F|  |TAMS 0x0000000083e00000, 0x0000000083e00000| Untracked 
|  41|0x0000000083f00000, 0x0000000083f00000, 0x0000000084000000|  0%| F|  |TAMS 0x0000000083f00000, 0x0000000083f00000| Untracked 
|  42|0x0000000084000000, 0x0000000084000000, 0x0000000084100000|  0%| F|  |TAMS 0x0000000084000000, 0x0000000084000000| Untracked 
|  43|0x0000000084100000, 0x0000000084100000, 0x0000000084200000|  0%| F|  |TAMS 0x0000000084100000, 0x0000000084100000| Untracked 
|  44|0x0000000084200000, 0x0000000084200000, 0x0000000084300000|  0%| F|  |TAMS 0x0000000084200000, 0x0000000084200000| Untracked 
|  45|0x0000000084300000, 0x0000000084300000, 0x0000000084400000|  0%| F|  |TAMS 0x0000000084300000, 0x0000000084300000| Untracked 
|  46|0x0000000084400000, 0x0000000084400000, 0x0000000084500000|  0%| F|  |TAMS 0x0000000084400000, 0x0000000084400000| Untracked 
|  47|0x0000000084500000, 0x0000000084500000, 0x0000000084600000|  0%| F|  |TAMS 0x0000000084500000, 0x0000000084500000| Untracked 
|  48|0x0000000084600000, 0x0000000084600000, 0x0000000084700000|  0%| F|  |TAMS 0x0000000084600000, 0x0000000084600000| Untracked 
|  49|0x0000000084700000, 0x0000000084700000, 0x0000000084800000|  0%| F|  |TAMS 0x0000000084700000, 0x0000000084700000| Untracked 
|  50|0x0000000084800000, 0x0000000084800000, 0x0000000084900000|  0%| F|  |TAMS 0x0000000084800000, 0x0000000084800000| Untracked 
|  51|0x0000000084900000, 0x0000000084900000, 0x0000000084a00000|  0%| F|  |TAMS 0x0000000084900000, 0x0000000084900000| Untracked 
|  52|0x0000000084a00000, 0x0000000084a00000, 0x0000000084b00000|  0%| F|  |TAMS 0x0000000084a00000, 0x0000000084a00000| Untracked 
|  53|0x0000000084b00000, 0x0000000084b00000, 0x0000000084c00000|  0%| F|  |TAMS 0x0000000084b00000, 0x0000000084b00000| Untracked 
|  54|0x0000000084c00000, 0x0000000084c00000, 0x0000000084d00000|  0%| F|  |TAMS 0x0000000084c00000, 0x0000000084c00000| Untracked 
|  55|0x0000000084d00000, 0x0000000084d00000, 0x0000000084e00000|  0%| F|  |TAMS 0x0000000084d00000, 0x0000000084d00000| Untracked 
|  56|0x0000000084e00000, 0x0000000084e00000, 0x0000000084f00000|  0%| F|  |TAMS 0x0000000084e00000, 0x0000000084e00000| Untracked 
|  57|0x0000000084f00000, 0x0000000084f00000, 0x0000000085000000|  0%| F|  |TAMS 0x0000000084f00000, 0x0000000084f00000| Untracked 
|  58|0x0000000085000000, 0x0000000085000000, 0x0000000085100000|  0%| F|  |TAMS 0x0000000085000000, 0x0000000085000000| Untracked 
|  59|0x0000000085100000, 0x0000000085100000, 0x0000000085200000|  0%| F|  |TAMS 0x0000000085100000, 0x0000000085100000| Untracked 
|  60|0x0000000085200000, 0x0000000085200000, 0x0000000085300000|  0%| F|  |TAMS 0x0000000085200000, 0x0000000085200000| Untracked 
|  61|0x0000000085300000, 0x0000000085300000, 0x0000000085400000|  0%| F|  |TAMS 0x0000000085300000, 0x0000000085300000| Untracked 
|  62|0x0000000085400000, 0x0000000085400000, 0x0000000085500000|  0%| F|  |TAMS 0x0000000085400000, 0x0000000085400000| Untracked 
|  63|0x0000000085500000, 0x0000000085500000, 0x0000000085600000|  0%| F|  |TAMS 0x0000000085500000, 0x0000000085500000| Untracked 
|  64|0x0000000085600000, 0x0000000085600000, 0x0000000085700000|  0%| F|  |TAMS 0x0000000085600000, 0x0000000085600000| Untracked 
|  65|0x0000000085700000, 0x0000000085700000, 0x0000000085800000|  0%| F|  |TAMS 0x0000000085700000, 0x0000000085700000| Untracked 
|  66|0x0000000085800000, 0x0000000085800000, 0x0000000085900000|  0%| F|  |TAMS 0x0000000085800000, 0x0000000085800000| Untracked 
|  67|0x0000000085900000, 0x0000000085900000, 0x0000000085a00000|  0%| F|  |TAMS 0x0000000085900000, 0x0000000085900000| Untracked 
|  68|0x0000000085a00000, 0x0000000085a00000, 0x0000000085b00000|  0%| F|  |TAMS 0x0000000085a00000, 0x0000000085a00000| Untracked 
|  69|0x0000000085b00000, 0x0000000085b00000, 0x0000000085c00000|  0%| F|  |TAMS 0x0000000085b00000, 0x0000000085b00000| Untracked 
|  70|0x0000000085c00000, 0x0000000085c00000, 0x0000000085d00000|  0%| F|  |TAMS 0x0000000085c00000, 0x0000000085c00000| Untracked 
|  71|0x0000000085d00000, 0x0000000085d00000, 0x0000000085e00000|  0%| F|  |TAMS 0x0000000085d00000, 0x0000000085d00000| Untracked 
|  72|0x0000000085e00000, 0x0000000085e00000, 0x0000000085f00000|  0%| F|  |TAMS 0x0000000085e00000, 0x0000000085e00000| Untracked 
|  73|0x0000000085f00000, 0x0000000085f00000, 0x0000000086000000|  0%| F|  |TAMS 0x0000000085f00000, 0x0000000085f00000| Untracked 
|  74|0x0000000086000000, 0x0000000086000000, 0x0000000086100000|  0%| F|  |TAMS 0x0000000086000000, 0x0000000086000000| Untracked 
|  75|0x0000000086100000, 0x0000000086100000, 0x0000000086200000|  0%| F|  |TAMS 0x0000000086100000, 0x0000000086100000| Untracked 
|  76|0x0000000086200000, 0x0000000086200000, 0x0000000086300000|  0%| F|  |TAMS 0x0000000086200000, 0x0000000086200000| Untracked 
|  77|0x0000000086300000, 0x0000000086300000, 0x0000000086400000|  0%| F|  |TAMS 0x0000000086300000, 0x0000000086300000| Untracked 
|  78|0x0000000086400000, 0x0000000086400000, 0x0000000086500000|  0%| F|  |TAMS 0x0000000086400000, 0x0000000086400000| Untracked 
|  79|0x0000000086500000, 0x0000000086500000, 0x0000000086600000|  0%| F|  |TAMS 0x0000000086500000, 0x0000000086500000| Untracked 
|  80|0x0000000086600000, 0x0000000086600000, 0x0000000086700000|  0%| F|  |TAMS 0x0000000086600000, 0x0000000086600000| Untracked 
|  81|0x0000000086700000, 0x0000000086700000, 0x0000000086800000|  0%| F|  |TAMS 0x0000000086700000, 0x0000000086700000| Untracked 
|  82|0x0000000086800000, 0x0000000086800000, 0x0000000086900000|  0%| F|  |TAMS 0x0000000086800000, 0x0000000086800000| Untracked 
|  83|0x0000000086900000, 0x0000000086900000, 0x0000000086a00000|  0%| F|  |TAMS 0x0000000086900000, 0x0000000086900000| Untracked 
|  84|0x0000000086a00000, 0x0000000086a00000, 0x0000000086b00000|  0%| F|  |TAMS 0x0000000086a00000, 0x0000000086a00000| Untracked 
|  85|0x0000000086b00000, 0x0000000086b00000, 0x0000000086c00000|  0%| F|  |TAMS 0x0000000086b00000, 0x0000000086b00000| Untracked 
|  86|0x0000000086c00000, 0x0000000086c00000, 0x0000000086d00000|  0%| F|  |TAMS 0x0000000086c00000, 0x0000000086c00000| Untracked 
|  87|0x0000000086d00000, 0x0000000086d00000, 0x0000000086e00000|  0%| F|  |TAMS 0x0000000086d00000, 0x0000000086d00000| Untracked 
|  88|0x0000000086e00000, 0x0000000086e00000, 0x0000000086f00000|  0%| F|  |TAMS 0x0000000086e00000, 0x0000000086e00000| Untracked 
|  89|0x0000000086f00000, 0x0000000086f00000, 0x0000000087000000|  0%| F|  |TAMS 0x0000000086f00000, 0x0000000086f00000| Untracked 
|  90|0x0000000087000000, 0x0000000087000000, 0x0000000087100000|  0%| F|  |TAMS 0x0000000087000000, 0x0000000087000000| Untracked 
|  91|0x0000000087100000, 0x0000000087100000, 0x0000000087200000|  0%| F|  |TAMS 0x0000000087100000, 0x0000000087100000| Untracked 
|  92|0x0000000087200000, 0x0000000087200000, 0x0000000087300000|  0%| F|  |TAMS 0x0000000087200000, 0x0000000087200000| Untracked 
|  93|0x0000000087300000, 0x0000000087300000, 0x0000000087400000|  0%| F|  |TAMS 0x0000000087300000, 0x0000000087300000| Untracked 
|  94|0x0000000087400000, 0x0000000087400000, 0x0000000087500000|  0%| F|  |TAMS 0x0000000087400000, 0x0000000087400000| Untracked 
|  95|0x0000000087500000, 0x0000000087500000, 0x0000000087600000|  0%| F|  |TAMS 0x0000000087500000, 0x0000000087500000| Untracked 
|  96|0x0000000087600000, 0x0000000087600000, 0x0000000087700000|  0%| F|  |TAMS 0x0000000087600000, 0x0000000087600000| Untracked 
|  97|0x0000000087700000, 0x00000000877806c8, 0x0000000087800000| 50%| E|  |TAMS 0x0000000087700000, 0x0000000087700000| Complete 
|  98|0x0000000087800000, 0x0000000087900000, 0x0000000087900000|100%| E|CS|TAMS 0x0000000087800000, 0x0000000087800000| Complete 
|  99|0x0000000087900000, 0x0000000087a00000, 0x0000000087a00000|100%| E|CS|TAMS 0x0000000087900000, 0x0000000087900000| Complete 
| 100|0x0000000087a00000, 0x0000000087b00000, 0x0000000087b00000|100%| E|CS|TAMS 0x0000000087a00000, 0x0000000087a00000| Complete 
| 101|0x0000000087b00000, 0x0000000087c00000, 0x0000000087c00000|100%| S|CS|TAMS 0x0000000087b00000, 0x0000000087b00000| Complete 
| 102|0x0000000087c00000, 0x0000000087d00000, 0x0000000087d00000|100%| S|CS|TAMS 0x0000000087c00000, 0x0000000087c00000| Complete 
| 103|0x0000000087d00000, 0x0000000087e00000, 0x0000000087e00000|100%| S|CS|TAMS 0x0000000087d00000, 0x0000000087d00000| Complete 
| 104|0x0000000087e00000, 0x0000000087f00000, 0x0000000087f00000|100%| E|CS|TAMS 0x0000000087e00000, 0x0000000087e00000| Complete 
| 105|0x0000000087f00000, 0x0000000088000000, 0x0000000088000000|100%| E|CS|TAMS 0x0000000087f00000, 0x0000000087f00000| Complete 
| 106|0x0000000088000000, 0x0000000088100000, 0x0000000088100000|100%| E|CS|TAMS 0x0000000088000000, 0x0000000088000000| Complete 
| 107|0x0000000088100000, 0x0000000088200000, 0x0000000088200000|100%| E|CS|TAMS 0x0000000088100000, 0x0000000088100000| Complete 
| 108|0x0000000088200000, 0x0000000088300000, 0x0000000088300000|100%| E|CS|TAMS 0x0000000088200000, 0x0000000088200000| Complete 
| 109|0x0000000088300000, 0x0000000088400000, 0x0000000088400000|100%| E|CS|TAMS 0x0000000088300000, 0x0000000088300000| Complete 
| 110|0x0000000088400000, 0x0000000088500000, 0x0000000088500000|100%| E|CS|TAMS 0x0000000088400000, 0x0000000088400000| Complete 
| 111|0x0000000088500000, 0x0000000088600000, 0x0000000088600000|100%| E|CS|TAMS 0x0000000088500000, 0x0000000088500000| Complete 
| 112|0x0000000088600000, 0x0000000088700000, 0x0000000088700000|100%| E|CS|TAMS 0x0000000088600000, 0x0000000088600000| Complete 
| 113|0x0000000088700000, 0x0000000088800000, 0x0000000088800000|100%| E|CS|TAMS 0x0000000088700000, 0x0000000088700000| Complete 
| 114|0x0000000088800000, 0x0000000088900000, 0x0000000088900000|100%| E|CS|TAMS 0x0000000088800000, 0x0000000088800000| Complete 
| 115|0x0000000088900000, 0x0000000088a00000, 0x0000000088a00000|100%| E|CS|TAMS 0x0000000088900000, 0x0000000088900000| Complete 
| 116|0x0000000088a00000, 0x0000000088b00000, 0x0000000088b00000|100%| E|CS|TAMS 0x0000000088a00000, 0x0000000088a00000| Complete 
| 117|0x0000000088b00000, 0x0000000088c00000, 0x0000000088c00000|100%| E|CS|TAMS 0x0000000088b00000, 0x0000000088b00000| Complete 
| 118|0x0000000088c00000, 0x0000000088d00000, 0x0000000088d00000|100%| E|CS|TAMS 0x0000000088c00000, 0x0000000088c00000| Complete 
| 119|0x0000000088d00000, 0x0000000088e00000, 0x0000000088e00000|100%| E|CS|TAMS 0x0000000088d00000, 0x0000000088d00000| Complete 
| 120|0x0000000088e00000, 0x0000000088f00000, 0x0000000088f00000|100%| E|CS|TAMS 0x0000000088e00000, 0x0000000088e00000| Complete 
| 121|0x0000000088f00000, 0x0000000089000000, 0x0000000089000000|100%| E|CS|TAMS 0x0000000088f00000, 0x0000000088f00000| Complete 
| 122|0x0000000089000000, 0x0000000089100000, 0x0000000089100000|100%| E|CS|TAMS 0x0000000089000000, 0x0000000089000000| Complete 
| 123|0x0000000089100000, 0x0000000089200000, 0x0000000089200000|100%| E|CS|TAMS 0x0000000089100000, 0x0000000089100000| Complete 
| 124|0x0000000089200000, 0x0000000089300000, 0x0000000089300000|100%| E|CS|TAMS 0x0000000089200000, 0x0000000089200000| Complete 
| 125|0x0000000089300000, 0x0000000089400000, 0x0000000089400000|100%| E|CS|TAMS 0x0000000089300000, 0x0000000089300000| Complete 
| 126|0x0000000089400000, 0x0000000089500000, 0x0000000089500000|100%| E|CS|TAMS 0x0000000089400000, 0x0000000089400000| Complete 
| 127|0x0000000089500000, 0x0000000089600000, 0x0000000089600000|100%| E|CS|TAMS 0x0000000089500000, 0x0000000089500000| Complete 

Card table byte_map: [0x0000020472cd0000,0x00000204730d0000] _byte_map_base: 0x00000204728c5000

Marking Bits (Prev, Next): (CMBitMap*) 0x000002046af12518, (CMBitMap*) 0x000002046af12550
 Prev Bits: [0x00000204734d0000, 0x0000020475478000)
 Next Bits: [0x0000020475480000, 0x0000020477428000)

Polling page: 0x0000020469070000

Metaspace:

Usage:
  Non-class:     17.68 MB capacity,    17.35 MB ( 98%) used,   266.72 KB (  1%) free+waste,    70.12 KB ( <1%) overhead. 
      Class:      2.82 MB capacity,     2.53 MB ( 90%) used,   255.83 KB (  9%) free+waste,    37.44 KB (  1%) overhead. 
       Both:     20.50 MB capacity,    19.88 MB ( 97%) used,   522.55 KB (  2%) free+waste,   107.56 KB ( <1%) overhead. 

Virtual space:
  Non-class space:       18.00 MB reserved,      17.75 MB ( 99%) committed 
      Class space:        1.00 GB reserved,       2.88 MB ( <1%) committed 
             Both:        1.02 GB reserved,      20.62 MB (  2%) committed 

Chunk freelists:
   Non-Class:  512 bytes
       Class:  3.62 KB
        Both:  4.12 KB

CodeHeap 'non-profiled nmethods': size=120000Kb used=561Kb max_used=561Kb free=119438Kb
 bounds [0x0000020407ad0000, 0x0000020407d40000, 0x000002040f000000]
CodeHeap 'profiled nmethods': size=120000Kb used=2778Kb max_used=2778Kb free=117222Kb
 bounds [0x00000204005a0000, 0x0000020400860000, 0x0000020407ad0000]
CodeHeap 'non-nmethods': size=5760Kb used=1269Kb max_used=1269Kb free=4490Kb
 bounds [0x0000020400000000, 0x0000020400270000, 0x00000204005a0000]
 total_blobs=2219 nmethods=1551 adapters=579
 compilation: enabled
              stopped_count=0, restarted_count=0
 full_count=0

Compilation events (10 events):
Event: 2.081 Thread 0x000002047a7fe000 nmethod 1483 0x0000020400831710 code [0x0000020400831980, 0x00000204008325f8]
Event: 2.081 Thread 0x000002047a7fe000 1487       3       com.sun.javafx.css.StyleMap::isEmpty (36 bytes)
Event: 2.082 Thread 0x000002047a7fe000 nmethod 1487 0x0000020400832a10 code [0x0000020400832bc0, 0x0000020400832ed8]
Event: 2.082 Thread 0x000002047a7fe000 1489       3       javafx.collections.ListChangeBuilder::checkState (18 bytes)
Event: 2.082 Thread 0x000002047a7fe000 nmethod 1489 0x0000020400833010 code [0x00000204008331c0, 0x00000204008333c8]
Event: 2.082 Thread 0x000002047a7fe000 1488       1       com.sun.javafx.scene.control.inputmap.InputMap$Mapping::getEventType (5 bytes)
Event: 2.083 Thread 0x000002047a7fe000 nmethod 1488 0x0000020407b59190 code [0x0000020407b59320, 0x0000020407b593d8]
Event: 2.083 Thread 0x000002047a7fe000 1479       1       javafx.css.CssMetaData::getConverter (5 bytes)
Event: 2.083 Thread 0x000002047a7fe000 nmethod 1479 0x0000020407b59490 code [0x0000020407b59620, 0x0000020407b596d8]
Event: 2.083 Thread 0x000002047a7fe000 1480       1       javafx.css.CssMetaData::getSubProperties (5 bytes)

GC Heap History (2 events):
Event: 1.081 GC heap before
{Heap before GC invocations=0 (full 0):
 garbage-first heap   total 131072K, used 23552K [0x0000000081600000, 0x0000000100000000)
  region size 1024K, 24 young (24576K), 0 survivors (0K)
 Metaspace       used 12637K, capacity 13017K, committed 13312K, reserved 1060864K
  class space    used 1337K, capacity 1487K, committed 1536K, reserved 1048576K
}
Event: 1.088 GC heap after
{Heap after GC invocations=1 (full 0):
 garbage-first heap   total 131072K, used 3246K [0x0000000081600000, 0x0000000100000000)
  region size 1024K, 3 young (3072K), 3 survivors (3072K)
 Metaspace       used 12637K, capacity 13017K, committed 13312K, reserved 1060864K
  class space    used 1337K, capacity 1487K, committed 1536K, reserved 1048576K
}

Deoptimization events (10 events):
Event: 1.399 Thread 0x000002047b722000 Uncommon trap: reason=unstable_if action=reinterpret pc=0x0000020407b291bc method=java.util.HashMap.putVal(ILjava/lang/Object;Ljava/lang/Object;ZZ)Ljava/lang/Object; @ 162 c2
Event: 1.402 Thread 0x000002047b722000 Uncommon trap: reason=unstable_if action=reinterpret pc=0x0000020407b35238 method=java.util.HashMap.resize()[Ljava/util/HashMap$Node; @ 203 c2
Event: 1.655 Thread 0x000002047b722000 Uncommon trap: reason=unstable_if action=reinterpret pc=0x0000020407b45f14 method=java.util.HashMap.hash(Ljava/lang/Object;)I @ 1 c2
Event: 1.655 Thread 0x000002047b722000 Uncommon trap: reason=unstable_if action=reinterpret pc=0x0000020407b29ef4 method=java.util.HashMap.hash(Ljava/lang/Object;)I @ 1 c2
Event: 1.690 Thread 0x000002047b722000 Uncommon trap: reason=unstable_if action=reinterpret pc=0x0000020407ae8bac method=java.util.HashMap.hash(Ljava/lang/Object;)I @ 1 c2
Event: 1.958 Thread 0x000002047b722000 Uncommon trap: reason=class_check action=maybe_recompile pc=0x0000020407ade2e4 method=java.lang.String.equals(Ljava/lang/Object;)Z @ 8 c2
Event: 1.958 Thread 0x000002047b722000 Uncommon trap: reason=class_check action=maybe_recompile pc=0x0000020407ade2e4 method=java.lang.String.equals(Ljava/lang/Object;)Z @ 8 c2
Event: 1.959 Thread 0x000002047b722000 Uncommon trap: reason=class_check action=maybe_recompile pc=0x0000020407ade2e4 method=java.lang.String.equals(Ljava/lang/Object;)Z @ 8 c2
Event: 1.963 Thread 0x000002047b722000 Uncommon trap: reason=class_check action=maybe_recompile pc=0x0000020407ade2e4 method=java.lang.String.equals(Ljava/lang/Object;)Z @ 8 c2
Event: 1.998 Thread 0x000002047b722000 Uncommon trap: reason=intrinsic_or_type_checked_inlining action=make_not_entrant pc=0x0000020407b3f454 method=java.util.Arrays.copyOf([Ljava/lang/Object;ILjava/lang/Class;)[Ljava/lang/Object; @ 35 c2

Classes redefined (0 events):
No events

Internal exceptions (10 events):
Event: 1.287 Thread 0x000002047b722000 Exception <a 'java/lang/NoSuchMethodError'{0x0000000088e6adb0}: java.lang.invoke.DirectMethodHandle$Holder.invokeStatic(Ljava/lang/Object;Ljava/lang/Object;Ljava/lang/Object;Ljava/lang/Object;Ljava/lang/Object;Ljava/lang/Object;Ljava/lang/Object;Ljava/lan
Event: 1.290 Thread 0x000002047b722000 Exception <a 'java/lang/NoSuchMethodError'{0x0000000088e8b750}: java.lang.invoke.DirectMethodHandle$Holder.invokeStatic(Ljava/lang/Object;Ljava/lang/Object;Ljava/lang/Object;Ljava/lang/Object;Ljava/lang/Object;Ljava/lang/Object;Ljava/lang/Object;Ljava/lan
Event: 1.458 Thread 0x000002047b722000 Exception <a 'java/lang/NoSuchMethodError'{0x00000000889dc350}: java.lang.invoke.DirectMethodHandle$Holder.invokeSpecial(Ljava/lang/Object;Ljava/lang/Object;Ljava/lang/Object;Ljava/lang/Object;Ljava/lang/Object;)V> (0x00000000889dc350) thrown at [./open/s
Event: 1.612 Thread 0x000002047b722000 Exception <a 'sun/nio/fs/WindowsException'{0x00000000885b50b8}> (0x00000000885b50b8) thrown at [./open/src/hotspot/share/prims/jni.cpp, line 611]
Event: 1.655 Thread 0x000002047b722000 Implicit null exception at 0x0000020407b45d55 to 0x0000020407b45f04
Event: 1.655 Thread 0x000002047b722000 Implicit null exception at 0x0000020407b29e58 to 0x0000020407b29eea
Event: 1.690 Thread 0x000002047b722000 Implicit null exception at 0x0000020407ae8b2f to 0x0000020407ae8b9d
Event: 1.999 Thread 0x000002047b722000 Exception <a 'java/lang/NoSuchMethodError'{0x00000000880e9ce8}: java.lang.invoke.Invokers$Holder.linkToTargetMethod(Ljava/lang/Object;ILjava/lang/Object;)Ljava/lang/Object;> (0x00000000880e9ce8) thrown at [./open/src/hotspot/share/interpreter/linkResolver
Event: 2.027 Thread 0x000002047b722000 Exception <a 'java/lang/NoSuchMethodError'{0x0000000087f65398}: java.lang.invoke.DirectMethodHandle$Holder.invokeInterface(Ljava/lang/Object;Ljava/lang/Object;Ljava/lang/Object;)Ljava/lang/Object;> (0x0000000087f65398) thrown at [./open/src/hotspot/share/
Event: 2.028 Thread 0x000002047b722000 Exception <a 'java/lang/IncompatibleClassChangeError'{0x0000000087f68550}: Found class java.lang.Object, but interface was expected> (0x0000000087f68550) thrown at [./open/src/hotspot/share/interpreter/linkResolver.cpp, line 838]

Events (10 events):
Event: 2.062 loading class com/sun/javafx/scene/control/inputmap/InputMap
Event: 2.062 loading class com/sun/javafx/scene/control/inputmap/InputMap done
Event: 2.062 loading class com/sun/javafx/scene/control/inputmap/InputMap
Event: 2.062 loading class com/sun/javafx/scene/control/inputmap/InputMap done
Event: 2.063 loading class javafx/scene/Node
Event: 2.063 loading class javafx/scene/Node done
Event: 2.063 loading class javafx/scene/Node
Event: 2.063 loading class javafx/scene/Node done
Event: 2.063 loading class javafx/util/Callback
Event: 2.063 loading class javafx/util/Callback done


Dynamic libraries:
0x00007ff69bf30000 - 0x00007ff69bf40000 	C:\Program Files\Java\jdk-11\bin\java.exe
0x00007fff3b0d0000 - 0x00007fff3b2e4000 	C:\WINDOWS\SYSTEM32\ntdll.dll
0x00007fff0a8c0000 - 0x00007fff0a8d7000 	C:\Program Files\AVG\Antivirus\aswhook.dll
0x00007fff39f40000 - 0x00007fff3a003000 	C:\WINDOWS\System32\KERNEL32.DLL
0x00007fff38820000 - 0x00007fff38bbc000 	C:\WINDOWS\System32\KERNELBASE.dll
0x00007fff38510000 - 0x00007fff38621000 	C:\WINDOWS\System32\ucrtbase.dll
0x00007fff33790000 - 0x00007fff337ab000 	C:\Program Files\Java\jdk-11\bin\VCRUNTIME140.dll
0x00007fff35430000 - 0x00007fff35448000 	C:\Program Files\Java\jdk-11\bin\jli.dll
0x00007fff39e90000 - 0x00007fff39f3e000 	C:\WINDOWS\System32\ADVAPI32.dll
0x00007fff392f0000 - 0x00007fff39397000 	C:\WINDOWS\System32\msvcrt.dll
0x00007fff3a010000 - 0x00007fff3a0b4000 	C:\WINDOWS\System32\sechost.dll
0x00007fff393a0000 - 0x00007fff394b5000 	C:\WINDOWS\System32\RPCRT4.dll
0x00007fff394d0000 - 0x00007fff3967d000 	C:\WINDOWS\System32\USER32.dll
0x00007fff38630000 - 0x00007fff38656000 	C:\WINDOWS\System32\win32u.dll
0x00007fff24290000 - 0x00007fff2451e000 	C:\WINDOWS\WinSxS\amd64_microsoft.windows.common-controls_6595b64144ccf1df_6.0.22621.608_none_a9444ca7c10bb01d\COMCTL32.dll
0x00007fff3a370000 - 0x00007fff3a399000 	C:\WINDOWS\System32\GDI32.dll
0x00007fff38660000 - 0x00007fff38772000 	C:\WINDOWS\System32\gdi32full.dll
0x00007fff38780000 - 0x00007fff3881a000 	C:\WINDOWS\System32\msvcp_win.dll
0x00007fff2fbb0000 - 0x00007fff2fbba000 	C:\WINDOWS\SYSTEM32\VERSION.dll
0x00007fff3a480000 - 0x00007fff3a4b2000 	C:\WINDOWS\System32\IMM32.DLL
0x00007fff354e0000 - 0x00007fff354ec000 	C:\Program Files\Java\jdk-11\bin\vcruntime140_1.dll
0x00007fff336c0000 - 0x00007fff3374e000 	C:\Program Files\Java\jdk-11\bin\msvcp140.dll
0x00007ffec0820000 - 0x00007ffec1388000 	C:\Program Files\Java\jdk-11\bin\server\jvm.dll
0x00007fff39e80000 - 0x00007fff39e88000 	C:\WINDOWS\System32\PSAPI.DLL
0x00007fff23430000 - 0x00007fff23439000 	C:\WINDOWS\SYSTEM32\WSOCK32.dll
0x00007fff30000000 - 0x00007fff30034000 	C:\WINDOWS\SYSTEM32\WINMM.dll
0x00007fff39270000 - 0x00007fff392e1000 	C:\WINDOWS\System32\WS2_32.dll
0x00007fff37560000 - 0x00007fff37578000 	C:\WINDOWS\SYSTEM32\kernel.appcore.dll
0x00007fff336b0000 - 0x00007fff336c0000 	C:\Program Files\Java\jdk-11\bin\verify.dll
0x00007fff35f50000 - 0x00007fff3617e000 	C:\WINDOWS\SYSTEM32\DBGHELP.DLL
0x00007fff38ee0000 - 0x00007fff3926a000 	C:\WINDOWS\System32\combase.dll
0x00007fff3a3a0000 - 0x00007fff3a477000 	C:\WINDOWS\System32\OLEAUT32.dll
0x00007fff2e170000 - 0x00007fff2e1a2000 	C:\WINDOWS\SYSTEM32\dbgcore.DLL
0x00007fff38e60000 - 0x00007fff38edb000 	C:\WINDOWS\System32\bcryptPrimitives.dll
0x00007fff25ab0000 - 0x00007fff25ad8000 	C:\Program Files\Java\jdk-11\bin\java.dll
0x00007fff33680000 - 0x00007fff3368a000 	C:\Program Files\Java\jdk-11\bin\jimage.dll
0x00007fff329c0000 - 0x00007fff329ce000 	C:\Program Files\Java\jdk-11\bin\instrument.dll
0x00007fff29320000 - 0x00007fff29337000 	C:\Program Files\Java\jdk-11\bin\zip.dll
0x00007fff3a6c0000 - 0x00007fff3aeaf000 	C:\WINDOWS\System32\SHELL32.dll
0x00007fff36530000 - 0x00007fff36df8000 	C:\WINDOWS\SYSTEM32\windows.storage.dll
0x00007fff363f0000 - 0x00007fff3652e000 	C:\WINDOWS\SYSTEM32\wintypes.dll
0x00007fff3a5c0000 - 0x00007fff3a6b1000 	C:\WINDOWS\System32\SHCORE.dll
0x00007fff39e20000 - 0x00007fff39e7e000 	C:\WINDOWS\System32\shlwapi.dll
0x00007fff38440000 - 0x00007fff38461000 	C:\WINDOWS\SYSTEM32\profapi.dll
0x00007fff27540000 - 0x00007fff27559000 	C:\Program Files\Java\jdk-11\bin\net.dll
0x00007fff2fa80000 - 0x00007fff2fbaf000 	C:\WINDOWS\SYSTEM32\WINHTTP.dll
0x00007fff379d0000 - 0x00007fff37a39000 	C:\WINDOWS\system32\mswsock.dll
0x00007fff25550000 - 0x00007fff25562000 	C:\Program Files\Java\jdk-11\bin\nio.dll
0x00007fff25300000 - 0x00007fff2531a000 	C:\Program Files\JetBrains\IntelliJ IDEA Community Edition 2022.3.2\bin\breakgen64.dll
0x000002047c380000 - 0x000002047c383000 	C:\Users\Victor Motta\.openjfx\cache\17.0.2-ea\api-ms-win-core-console-l1-1-0.dll
0x000002047c390000 - 0x000002047c393000 	C:\Users\Victor Motta\.openjfx\cache\17.0.2-ea\api-ms-win-core-console-l1-2-0.dll
0x000002047c3a0000 - 0x000002047c3a3000 	C:\Users\Victor Motta\.openjfx\cache\17.0.2-ea\api-ms-win-core-datetime-l1-1-0.dll
0x000002047c3b0000 - 0x000002047c3b3000 	C:\Users\Victor Motta\.openjfx\cache\17.0.2-ea\api-ms-win-core-debug-l1-1-0.dll
0x000002047c3c0000 - 0x000002047c3c3000 	C:\Users\Victor Motta\.openjfx\cache\17.0.2-ea\api-ms-win-core-errorhandling-l1-1-0.dll
0x000002047c3d0000 - 0x000002047c3d4000 	C:\Users\Victor Motta\.openjfx\cache\17.0.2-ea\api-ms-win-core-file-l1-1-0.dll
0x000002047c3e0000 - 0x000002047c3e3000 	C:\Users\Victor Motta\.openjfx\cache\17.0.2-ea\api-ms-win-core-file-l1-2-0.dll
0x000002047c770000 - 0x000002047c773000 	C:\Users\Victor Motta\.openjfx\cache\17.0.2-ea\api-ms-win-core-file-l2-1-0.dll
0x000002047c780000 - 0x000002047c783000 	C:\Users\Victor Motta\.openjfx\cache\17.0.2-ea\api-ms-win-core-handle-l1-1-0.dll
0x000002047c790000 - 0x000002047c793000 	C:\Users\Victor Motta\.openjfx\cache\17.0.2-ea\api-ms-win-core-heap-l1-1-0.dll
0x000002047c3f0000 - 0x000002047c3f3000 	C:\Users\Victor Motta\.openjfx\cache\17.0.2-ea\api-ms-win-core-interlocked-l1-1-0.dll
0x000002047c400000 - 0x000002047c403000 	C:\Users\Victor Motta\.openjfx\cache\17.0.2-ea\api-ms-win-core-libraryloader-l1-1-0.dll
0x000002047c410000 - 0x000002047c413000 	C:\Users\Victor Motta\.openjfx\cache\17.0.2-ea\api-ms-win-core-localization-l1-2-0.dll
0x000002047c420000 - 0x000002047c423000 	C:\Users\Victor Motta\.openjfx\cache\17.0.2-ea\api-ms-win-core-memory-l1-1-0.dll
0x000002047c430000 - 0x000002047c433000 	C:\Users\Victor Motta\.openjfx\cache\17.0.2-ea\api-ms-win-core-namedpipe-l1-1-0.dll
0x000002047c440000 - 0x000002047c443000 	C:\Users\Victor Motta\.openjfx\cache\17.0.2-ea\api-ms-win-core-processenvironment-l1-1-0.dll
0x000002047c450000 - 0x000002047c453000 	C:\Users\Victor Motta\.openjfx\cache\17.0.2-ea\api-ms-win-core-processthreads-l1-1-0.dll
0x000002047c460000 - 0x000002047c463000 	C:\Users\Victor Motta\.openjfx\cache\17.0.2-ea\api-ms-win-core-processthreads-l1-1-1.dll
0x000002047c470000 - 0x000002047c473000 	C:\Users\Victor Motta\.openjfx\cache\17.0.2-ea\api-ms-win-core-profile-l1-1-0.dll
0x000002047c480000 - 0x000002047c483000 	C:\Users\Victor Motta\.openjfx\cache\17.0.2-ea\api-ms-win-core-rtlsupport-l1-1-0.dll
0x000002047c490000 - 0x000002047c493000 	C:\Users\Victor Motta\.openjfx\cache\17.0.2-ea\api-ms-win-core-string-l1-1-0.dll
0x000002047c4a0000 - 0x000002047c4a3000 	C:\Users\Victor Motta\.openjfx\cache\17.0.2-ea\api-ms-win-core-synch-l1-1-0.dll
0x000002047c4b0000 - 0x000002047c4b3000 	C:\Users\Victor Motta\.openjfx\cache\17.0.2-ea\api-ms-win-core-synch-l1-2-0.dll
0x000002047c4c0000 - 0x000002047c4c3000 	C:\Users\Victor Motta\.openjfx\cache\17.0.2-ea\api-ms-win-core-sysinfo-l1-1-0.dll
0x000002047c4d0000 - 0x000002047c4d3000 	C:\Users\Victor Motta\.openjfx\cache\17.0.2-ea\api-ms-win-core-timezone-l1-1-0.dll
0x000002047c730000 - 0x000002047c733000 	C:\Users\Victor Motta\.openjfx\cache\17.0.2-ea\api-ms-win-core-util-l1-1-0.dll
0x000002047c740000 - 0x000002047c743000 	C:\Users\Victor Motta\.openjfx\cache\17.0.2-ea\api-ms-win-crt-conio-l1-1-0.dll
0x000002047c750000 - 0x000002047c754000 	C:\Users\Victor Motta\.openjfx\cache\17.0.2-ea\api-ms-win-crt-convert-l1-1-0.dll
0x000002047c760000 - 0x000002047c763000 	C:\Users\Victor Motta\.openjfx\cache\17.0.2-ea\api-ms-win-crt-environment-l1-1-0.dll
0x000002047c7a0000 - 0x000002047c7a3000 	C:\Users\Victor Motta\.openjfx\cache\17.0.2-ea\api-ms-win-crt-filesystem-l1-1-0.dll
0x000002047c7b0000 - 0x000002047c7b3000 	C:\Users\Victor Motta\.openjfx\cache\17.0.2-ea\api-ms-win-crt-heap-l1-1-0.dll
0x000002047c7c0000 - 0x000002047c7c3000 	C:\Users\Victor Motta\.openjfx\cache\17.0.2-ea\api-ms-win-crt-locale-l1-1-0.dll
0x000002047c7d0000 - 0x000002047c7d5000 	C:\Users\Victor Motta\.openjfx\cache\17.0.2-ea\api-ms-win-crt-math-l1-1-0.dll
0x000002047c610000 - 0x000002047c615000 	C:\Users\Victor Motta\.openjfx\cache\17.0.2-ea\api-ms-win-crt-multibyte-l1-1-0.dll
0x000002047c620000 - 0x000002047c630000 	C:\Users\Victor Motta\.openjfx\cache\17.0.2-ea\api-ms-win-crt-private-l1-1-0.dll
0x000002047c630000 - 0x000002047c633000 	C:\Users\Victor Motta\.openjfx\cache\17.0.2-ea\api-ms-win-crt-process-l1-1-0.dll
0x000002047c640000 - 0x000002047c644000 	C:\Users\Victor Motta\.openjfx\cache\17.0.2-ea\api-ms-win-crt-runtime-l1-1-0.dll
0x000002047c650000 - 0x000002047c654000 	C:\Users\Victor Motta\.openjfx\cache\17.0.2-ea\api-ms-win-crt-stdio-l1-1-0.dll
0x000002047c660000 - 0x000002047c664000 	C:\Users\Victor Motta\.openjfx\cache\17.0.2-ea\api-ms-win-crt-string-l1-1-0.dll
0x000002047c670000 - 0x000002047c673000 	C:\Users\Victor Motta\.openjfx\cache\17.0.2-ea\api-ms-win-crt-time-l1-1-0.dll
0x000002047c680000 - 0x000002047c683000 	C:\Users\Victor Motta\.openjfx\cache\17.0.2-ea\api-ms-win-crt-utility-l1-1-0.dll
0x00007ffef3e70000 - 0x00007ffef3f6c000 	C:\Users\Victor Motta\.openjfx\cache\17.0.2-ea\ucrtbase.dll
0x00007fff22f90000 - 0x00007fff22faa000 	C:\Users\Victor Motta\.openjfx\cache\17.0.2-ea\vcruntime140.dll
0x00007fff23440000 - 0x00007fff2344c000 	C:\Users\Victor Motta\.openjfx\cache\17.0.2-ea\vcruntime140_1.dll
0x00007fff12c60000 - 0x00007fff12ced000 	C:\Users\Victor Motta\.openjfx\cache\17.0.2-ea\msvcp140.dll
0x00007fff21790000 - 0x00007fff217ba000 	C:\Users\Victor Motta\.openjfx\cache\17.0.2-ea\prism_d3d.dll
0x00007ffeeac40000 - 0x00007ffeeade9000 	C:\WINDOWS\system32\d3d9.dll
0x00007fff359b0000 - 0x00007fff359db000 	C:\WINDOWS\SYSTEM32\dwmapi.dll
0x00007fff35860000 - 0x00007fff35896000 	C:\WINDOWS\SYSTEM32\dxcore.dll
0x00007fff35760000 - 0x00007fff3580b000 	C:\WINDOWS\system32\uxtheme.dll
0x00007ffef3ae0000 - 0x00007ffef3c72000 	C:\WINDOWS\System32\DriverStore\FileRepository\iigd_dch.inf_amd64_08c6076a1ac36ac6\igdumdim64.dll
0x00007fff2e1b0000 - 0x00007fff2e303000 	C:\WINDOWS\System32\DriverStore\FileRepository\iigd_dch.inf_amd64_08c6076a1ac36ac6\igdgmm64.dll
0x00007fff32850000 - 0x00007fff32899000 	C:\WINDOWS\SYSTEM32\directxdatabasehelper.dll
0x00007fff215e0000 - 0x00007fff21622000 	C:\Users\Victor Motta\.openjfx\cache\17.0.2-ea\glass.dll
0x00007fff3a4c0000 - 0x00007fff3a5b7000 	C:\WINDOWS\System32\COMDLG32.dll
0x00007fff39c00000 - 0x00007fff39d9c000 	C:\WINDOWS\System32\ole32.dll
0x00007fff3a1f0000 - 0x00007fff3a30e000 	C:\WINDOWS\System32\MSCTF.dll
0x00007ffeedd60000 - 0x00007ffef1977000 	C:\WINDOWS\System32\DriverStore\FileRepository\iigd_dch.inf_amd64_08c6076a1ac36ac6\igd9dxva64.dll
0x00007fff223e0000 - 0x00007fff22402000 	C:\WINDOWS\System32\DriverStore\FileRepository\iigd_dch.inf_amd64_08c6076a1ac36ac6\igdinfo64.dll
0x00007fff29590000 - 0x00007fff2b90f000 	C:\WINDOWS\System32\DriverStore\FileRepository\iigd_dch.inf_amd64_08c6076a1ac36ac6\igc64.dll
0x00007fff22f40000 - 0x00007fff22f54000 	C:\Users\Victor Motta\.openjfx\cache\17.0.2-ea\javafx_font.dll
0x00007fff34010000 - 0x00007fff34277000 	C:\WINDOWS\SYSTEM32\dwrite.dll
0x00007fff3a0c0000 - 0x00007fff3a170000 	C:\WINDOWS\System32\clbcatq.dll
0x00007fff33a70000 - 0x00007fff33c20000 	C:\WINDOWS\SYSTEM32\WindowsCodecs.dll
0x00007fff012c0000 - 0x00007fff0131e000 	C:\WINDOWS\system32\dataexchange.dll
0x00007fff2f630000 - 0x00007fff2f89a000 	C:\WINDOWS\system32\twinapi.appcore.dll
0x00007fff24b70000 - 0x00007fff24ba2000 	C:\Program Files\Common Files\Microsoft Shared\Ink\rtscom.dll
0x00007fff25cf0000 - 0x00007fff25e1d000 	C:\WINDOWS\SYSTEM32\textinputframework.dll
0x00007fff35190000 - 0x00007fff352c3000 	C:\WINDOWS\SYSTEM32\CoreMessaging.dll
0x00007fff320e0000 - 0x00007fff3244c000 	C:\WINDOWS\SYSTEM32\CoreUIComponents.dll
0x00007fff37c40000 - 0x00007fff37c4c000 	C:\WINDOWS\SYSTEM32\CRYPTBASE.DLL

dbghelp: loaded successfully - version: 4.0.5 - missing functions: none
symbol engine: initialized successfully - sym options: 0x614 - pdb path: .;C:\Program Files\Java\jdk-11\bin;C:\WINDOWS\SYSTEM32;C:\Program Files\AVG\Antivirus;C:\WINDOWS\WinSxS\amd64_microsoft.windows.common-controls_6595b64144ccf1df_6.0.22621.608_none_a9444ca7c10bb01d;C:\Program Files\Java\jdk-11\bin\server;C:\Program Files\JetBrains\IntelliJ IDEA Community Edition 2022.3.2\bin;C:\Users\Victor Motta\.openjfx\cache\17.0.2-ea;C:\WINDOWS\System32\DriverStore\FileRepository\iigd_dch.inf_amd64_08c6076a1ac36ac6;C:\Program Files\Common Files\Microsoft Shared\Ink

VM Arguments:
jvm_args: -javaagent:C:\Program Files\JetBrains\IntelliJ IDEA Community Edition 2022.3.2\lib\idea_rt.jar=59645:C:\Program Files\JetBrains\IntelliJ IDEA Community Edition 2022.3.2\bin -Dfile.encoding=UTF-8 --module-path=C:\Users\Victor Motta\.m2\repository\org\openjfx\javafx-base\17.0.2\javafx-base-17.0.2-win.jar;C:\Users\Victor Motta\.m2\repository\org\openjfx\javafx-fxml\17.0.2\javafx-fxml-17.0.2-win.jar;C:\Users\Victor Motta\.m2\repository\org\openjfx\javafx-graphics\17.0.2\javafx-graphics-17.0.2-win.jar;C:\Users\Victor Motta\.m2\repository\org\openjfx\javafx-controls\17.0.2\javafx-controls-17.0.2-win.jar;C:\Users\Victor Motta\IdeaProjects\TipCalculator1\target\classes -Djdk.module.main=com.example.tipcalculator1 
java_command: com.example.tipcalculator1/com.example.tipcalculator1.TipCalculator1
java_class_path (initial): C:\Users\Victor Motta\.m2\repository\org\openjfx\javafx-controls\17.0.2\javafx-controls-17.0.2.jar;C:\Users\Victor Motta\.m2\repository\org\openjfx\javafx-graphics\17.0.2\javafx-graphics-17.0.2.jar;C:\Users\Victor Motta\.m2\repository\org\openjfx\javafx-base\17.0.2\javafx-base-17.0.2.jar;C:\Users\Victor Motta\.m2\repository\org\openjfx\javafx-fxml\17.0.2\javafx-fxml-17.0.2.jar
Launcher Type: SUN_STANDARD

[Global flags]
     intx CICompilerCount                          = 4                                         {product} {ergonomic}
     uint ConcGCThreads                            = 2                                         {product} {ergonomic}
     uint G1ConcRefinementThreads                  = 8                                         {product} {ergonomic}
   size_t G1HeapRegionSize                         = 1048576                                   {product} {ergonomic}
    uintx GCDrainStackTargetSize                   = 64                                        {product} {ergonomic}
   size_t InitialHeapSize                          = 134217728                                 {product} {ergonomic}
   size_t MarkStackSize                            = 4194304                                   {product} {ergonomic}
   size_t MaxHeapSize                              = 2124414976                                {product} {ergonomic}
   size_t MaxNewSize                               = 1274019840                                {product} {ergonomic}
   size_t MinHeapDeltaBytes                        = 1048576                                   {product} {ergonomic}
    uintx NonNMethodCodeHeapSize                   = 5836300                                {pd product} {ergonomic}
    uintx NonProfiledCodeHeapSize                  = 122910970                              {pd product} {ergonomic}
    uintx ProfiledCodeHeapSize                     = 122910970                              {pd product} {ergonomic}
    uintx ReservedCodeCacheSize                    = 251658240                              {pd product} {ergonomic}
     bool SegmentedCodeCache                       = true                                      {product} {ergonomic}
     bool UseCompressedClassPointers               = true                                 {lp64_product} {ergonomic}
     bool UseCompressedOops                        = true                                 {lp64_product} {ergonomic}
     bool UseG1GC                                  = true                                      {product} {ergonomic}
     bool UseLargePagesIndividualAllocation        = false                                  {pd product} {ergonomic}

Logging:
Log output configuration:
 #0: stdout all=warning uptime,level,tags
 #1: stderr all=off uptime,level,tags

Environment Variables:
JAVA_HOME=C:\Program Files\Java\jdk-11.0.8
PATH=C:\Program Files\Common Files\Oracle\Java\javapath;C:\Program Files (x86)\Intel\Intel(R) Management Engine Components\iCLS\;C:\Program Files\Intel\Intel(R) Management Engine Components\iCLS\;C:\WINDOWS\system32;C:\WINDOWS;C:\WINDOWS\System32\Wbem;C:\WINDOWS\System32\WindowsPowerShell\v1.0\;C:\WINDOWS\System32\OpenSSH\;C:\Program Files (x86)\Intel\Intel(R) Management Engine Components\DAL;C:\Program Files\Intel\Intel(R) Management Engine Components\DAL;C:\Program Files (x86)\Intel\Intel(R) Management Engine Components\IPT;C:\Program Files\Intel\Intel(R) Management Engine Components\IPT;C:\MinGW\bin;C:\Program Files\Git\cmd;C:\Program Files\dotnet\;C:\Program Files\Microsoft SQL Server\150\Tools\Binn\;C:\Program Files\Microsoft SQL Server\Client SDK\ODBC\170\Tools\Binn\;C:\WINDOWS\system32;C:\WINDOWS;C:\WINDOWS\System32\Wbem;C:\WINDOWS\System32\WindowsPowerShell\v1.0\;C:\WINDOWS\System32\OpenSSH\;C:\Users\Victor Motta\AppData\Local\Programs\Python\Python38\Scripts\;C:\Users\Victor Motta\AppData\Local\Programs\Python\Python38\;C:\Users\Victor Motta\AppData\Local\Microsoft\WindowsApps;C:\Users\Victor Motta\AppData\Local\Programs\Microsoft VS Code\bin;C:\Users\Victor Motta\.dotnet\tools;C:\xampp\php;;C:\Program Files\JetBrains\IntelliJ IDEA Community Edition 2022.3.2\bin;
USERNAME=Victor Motta
OS=Windows_NT
PROCESSOR_IDENTIFIER=Intel64 Family 6 Model 142 Stepping 10, GenuineIntel



---------------  S Y S T E M  ---------------

OS: Windows 11 , 64 bit Build 22621 (10.0.22621.1194)

CPU:total 8 (initial active 8) (4 cores per cpu, 2 threads per core) family 6 model 142 stepping 10 microcode 0xe0, cmov, cx8, fxsr, mmx, sse, sse2, sse3, ssse3, sse4.1, sse4.2, popcnt, avx, avx2, aes, clmul, erms, 3dnowpref, lzcnt, ht, tsc, tscinvbit, bmi1, bmi2, adx, fma

Memory: 4k page, system-wide physical 8101M (346M free)
TotalPageFile size 12101M (AvailPageFile size 0M)
current process WorkingSet (physical memory assigned to process): 151M, peak: 151M
current process commit charge ("private bytes"): 281M, peak: 282M

vm_info: Java HotSpot(TM) 64-Bit Server VM (11.0.18+9-LTS-195) for windows-amd64 JRE (11.0.18+9-LTS-195), built on Dec  6 2022 15:50:58 by "mach5one" with MS VC++ 17.1 (VS2022)

END.
